Terminals unused in grammar

    EXPR_ERROR
    NOT


Grammar

    0 $accept: start $end

    1 start: EXPR_PARSE all_expr
    2      | EXPR_OTHER all_other

    3 all_other: all_other other
    4          | ε

    5 other: ID
    6      | MIN
    7      | MAX
    8      | IF
    9      | ELSE
   10      | SMT_ON
   11      | NUMBER
   12      | '|'
   13      | '^'
   14      | '&'
   15      | '-'
   16      | '+'
   17      | '*'
   18      | '/'
   19      | '%'
   20      | '('
   21      | ')'
   22      | ','
   23      | '<'
   24      | '>'
   25      | D_RATIO

   26 all_expr: if_expr

   27 if_expr: expr IF expr ELSE expr
   28        | expr

   29 expr: NUMBER
   30     | ID
   31     | expr '|' expr
   32     | expr '&' expr
   33     | expr '^' expr
   34     | expr '<' expr
   35     | expr '>' expr
   36     | expr '+' expr
   37     | expr '-' expr
   38     | expr '*' expr
   39     | expr '/' expr
   40     | expr '%' expr
   41     | '-' expr
   42     | '(' if_expr ')'
   43     | MIN '(' expr ',' expr ')'
   44     | MAX '(' expr ',' expr ')'
   45     | SMT_ON
   46     | D_RATIO '(' expr ',' expr ')'


Terminals, with rules where they appear

    $end (0) 0
    '%' (37) 19 40
    '&' (38) 14 32
    '(' (40) 20 42 43 44 46
    ')' (41) 21 42 43 44 46
    '*' (42) 17 38
    '+' (43) 16 36
    ',' (44) 22 43 44 46
    '-' (45) 15 37 41
    '/' (47) 18 39
    '<' (60) 23 34
    '>' (62) 24 35
    '^' (94) 13 33
    '|' (124) 12 31
    error (256)
    EXPR_PARSE (258) 1
    EXPR_OTHER (259) 2
    EXPR_ERROR (260)
    NUMBER <num> (261) 11 29
    ID <str> (262) 5 30
    MIN (263) 6 43
    MAX (264) 7 44
    IF (265) 8 27
    ELSE (266) 9 27
    SMT_ON (267) 10 45
    D_RATIO (268) 25 46
    NEG (269)
    NOT (270)


Nonterminals, with rules where they appear

    $accept (29)
        on left: 0
    start (30)
        on left: 1 2
        on right: 0
    all_other (31)
        on left: 3 4
        on right: 2 3
    other (32)
        on left: 5 6 7 8 9 10 11 12 13 14 15 16 17 18 19 20 21 22 23 24 25
        on right: 3
    all_expr (33)
        on left: 26
        on right: 1
    if_expr <num> (34)
        on left: 27 28
        on right: 26 42
    expr <num> (35)
        on left: 29 30 31 32 33 34 35 36 37 38 39 40 41 42 43 44 45 46
        on right: 27 28 31 32 33 34 35 36 37 38 39 40 41 43 44 46


State 0

    0 $accept: • start $end

    EXPR_PARSE  shift, and go to state 1
    EXPR_OTHER  shift, and go to state 2

    start  go to state 3


State 1

    1 start: EXPR_PARSE • all_expr

    NUMBER   shift, and go to state 4
    ID       shift, and go to state 5
    MIN      shift, and go to state 6
    MAX      shift, and go to state 7
    SMT_ON   shift, and go to state 8
    D_RATIO  shift, and go to state 9
    '-'      shift, and go to state 10
    '('      shift, and go to state 11

    all_expr  go to state 12
    if_expr   go to state 13
    expr      go to state 14


State 2

    2 start: EXPR_OTHER • all_other

    $default  reduce using rule 4 (all_other)

    all_other  go to state 15


State 3

    0 $accept: start • $end

    $end  shift, and go to state 16


State 4

   29 expr: NUMBER •

    $default  reduce using rule 29 (expr)


State 5

   30 expr: ID •

    $default  reduce using rule 30 (expr)


State 6

   43 expr: MIN • '(' expr ',' expr ')'

    '('  shift, and go to state 17


State 7

   44 expr: MAX • '(' expr ',' expr ')'

    '('  shift, and go to state 18


State 8

   45 expr: SMT_ON •

    $default  reduce using rule 45 (expr)


State 9

   46 expr: D_RATIO • '(' expr ',' expr ')'

    '('  shift, and go to state 19


State 10

   41 expr: '-' • expr

    NUMBER   shift, and go to state 4
    ID       shift, and go to state 5
    MIN      shift, and go to state 6
    MAX      shift, and go to state 7
    SMT_ON   shift, and go to state 8
    D_RATIO  shift, and go to state 9
    '-'      shift, and go to state 10
    '('      shift, and go to state 11

    expr  go to state 20


State 11

   42 expr: '(' • if_expr ')'

    NUMBER   shift, and go to state 4
    ID       shift, and go to state 5
    MIN      shift, and go to state 6
    MAX      shift, and go to state 7
    SMT_ON   shift, and go to state 8
    D_RATIO  shift, and go to state 9
    '-'      shift, and go to state 10
    '('      shift, and go to state 11

    if_expr  go to state 21
    expr     go to state 14


State 12

    1 start: EXPR_PARSE all_expr •

    $default  reduce using rule 1 (start)


State 13

   26 all_expr: if_expr •

    $default  reduce using rule 26 (all_expr)


State 14

   27 if_expr: expr • IF expr ELSE expr
   28        | expr •
   31 expr: expr • '|' expr
   32     | expr • '&' expr
   33     | expr • '^' expr
   34     | expr • '<' expr
   35     | expr • '>' expr
   36     | expr • '+' expr
   37     | expr • '-' expr
   38     | expr • '*' expr
   39     | expr • '/' expr
   40     | expr • '%' expr

    IF   shift, and go to state 22
    '|'  shift, and go to state 23
    '^'  shift, and go to state 24
    '&'  shift, and go to state 25
    '<'  shift, and go to state 26
    '>'  shift, and go to state 27
    '-'  shift, and go to state 28
    '+'  shift, and go to state 29
    '*'  shift, and go to state 30
    '/'  shift, and go to state 31
    '%'  shift, and go to state 32

    $default  reduce using rule 28 (if_expr)


State 15

    2 start: EXPR_OTHER all_other •
    3 all_other: all_other • other

    NUMBER   shift, and go to state 33
    ID       shift, and go to state 34
    MIN      shift, and go to state 35
    MAX      shift, and go to state 36
    IF       shift, and go to state 37
    ELSE     shift, and go to state 38
    SMT_ON   shift, and go to state 39
    D_RATIO  shift, and go to state 40
    '|'      shift, and go to state 41
    '^'      shift, and go to state 42
    '&'      shift, and go to state 43
    '<'      shift, and go to state 44
    '>'      shift, and go to state 45
    '-'      shift, and go to state 46
    '+'      shift, and go to state 47
    '*'      shift, and go to state 48
    '/'      shift, and go to state 49
    '%'      shift, and go to state 50
    '('      shift, and go to state 51
    ')'      shift, and go to state 52
    ','      shift, and go to state 53

    $default  reduce using rule 2 (start)

    other  go to state 54


State 16

    0 $accept: start $end •

    $default  accept


State 17

   43 expr: MIN '(' • expr ',' expr ')'

    NUMBER   shift, and go to state 4
    ID       shift, and go to state 5
    MIN      shift, and go to state 6
    MAX      shift, and go to state 7
    SMT_ON   shift, and go to state 8
    D_RATIO  shift, and go to state 9
    '-'      shift, and go to state 10
    '('      shift, and go to state 11

    expr  go to state 55


State 18

   44 expr: MAX '(' • expr ',' expr ')'

    NUMBER   shift, and go to state 4
    ID       shift, and go to state 5
    MIN      shift, and go to state 6
    MAX      shift, and go to state 7
    SMT_ON   shift, and go to state 8
    D_RATIO  shift, and go to state 9
    '-'      shift, and go to state 10
    '('      shift, and go to state 11

    expr  go to state 56


State 19

   46 expr: D_RATIO '(' • expr ',' expr ')'

    NUMBER   shift, and go to state 4
    ID       shift, and go to state 5
    MIN      shift, and go to state 6
    MAX      shift, and go to state 7
    SMT_ON   shift, and go to state 8
    D_RATIO  shift, and go to state 9
    '-'      shift, and go to state 10
    '('      shift, and go to state 11

    expr  go to state 57


State 20

   31 expr: expr • '|' expr
   32     | expr • '&' expr
   33     | expr • '^' expr
   34     | expr • '<' expr
   35     | expr • '>' expr
   36     | expr • '+' expr
   37     | expr • '-' expr
   38     | expr • '*' expr
   39     | expr • '/' expr
   40     | expr • '%' expr
   41     | '-' expr •

    $default  reduce using rule 41 (expr)


State 21

   42 expr: '(' if_expr • ')'

    ')'  shift, and go to state 58


State 22

   27 if_expr: expr IF • expr ELSE expr

    NUMBER   shift, and go to state 4
    ID       shift, and go to state 5
    MIN      shift, and go to state 6
    MAX      shift, and go to state 7
    SMT_ON   shift, and go to state 8
    D_RATIO  shift, and go to state 9
    '-'      shift, and go to state 10
    '('      shift, and go to state 11

    expr  go to state 59


State 23

   31 expr: expr '|' • expr

    NUMBER   shift, and go to state 4
    ID       shift, and go to state 5
    MIN      shift, and go to state 6
    MAX      shift, and go to state 7
    SMT_ON   shift, and go to state 8
    D_RATIO  shift, and go to state 9
    '-'      shift, and go to state 10
    '('      shift, and go to state 11

    expr  go to state 60


State 24

   33 expr: expr '^' • expr

    NUMBER   shift, and go to state 4
    ID       shift, and go to state 5
    MIN      shift, and go to state 6
    MAX      shift, and go to state 7
    SMT_ON   shift, and go to state 8
    D_RATIO  shift, and go to state 9
    '-'      shift, and go to state 10
    '('      shift, and go to state 11

    expr  go to state 61


State 25

   32 expr: expr '&' • expr

    NUMBER   shift, and go to state 4
    ID       shift, and go to state 5
    MIN      shift, and go to state 6
    MAX      shift, and go to state 7
    SMT_ON   shift, and go to state 8
    D_RATIO  shift, and go to state 9
    '-'      shift, and go to state 10
    '('      shift, and go to state 11

    expr  go to state 62


State 26

   34 expr: expr '<' • expr

    NUMBER   shift, and go to state 4
    ID       shift, and go to state 5
    MIN      shift, and go to state 6
    MAX      shift, and go to state 7
    SMT_ON   shift, and go to state 8
    D_RATIO  shift, and go to state 9
    '-'      shift, and go to state 10
    '('      shift, and go to state 11

    expr  go to state 63


State 27

   35 expr: expr '>' • expr

    NUMBER   shift, and go to state 4
    ID       shift, and go to state 5
    MIN      shift, and go to state 6
    MAX      shift, and go to state 7
    SMT_ON   shift, and go to state 8
    D_RATIO  shift, and go to state 9
    '-'      shift, and go to state 10
    '('      shift, and go to state 11

    expr  go to state 64


State 28

   37 expr: expr '-' • expr

    NUMBER   shift, and go to state 4
    ID       shift, and go to state 5
    MIN      shift, and go to state 6
    MAX      shift, and go to state 7
    SMT_ON   shift, and go to state 8
    D_RATIO  shift, and go to state 9
    '-'      shift, and go to state 10
    '('      shift, and go to state 11

    expr  go to state 65


State 29

   36 expr: expr '+' • expr

    NUMBER   shift, and go to state 4
    ID       shift, and go to state 5
    MIN      shift, and go to state 6
    MAX      shift, and go to state 7
    SMT_ON   shift, and go to state 8
    D_RATIO  shift, and go to state 9
    '-'      shift, and go to state 10
    '('      shift, and go to state 11

    expr  go to state 66


State 30

   38 expr: expr '*' • expr

    NUMBER   shift, and go to state 4
    ID       shift, and go to state 5
    MIN      shift, and go to state 6
    MAX      shift, and go to state 7
    SMT_ON   shift, and go to state 8
    D_RATIO  shift, and go to state 9
    '-'      shift, and go to state 10
    '('      shift, and go to state 11

    expr  go to state 67


State 31

   39 expr: expr '/' • expr

    NUMBER   shift, and go to state 4
    ID       shift, and go to state 5
    MIN      shift, and go to state 6
    MAX      shift, and go to state 7
    SMT_ON   shift, and go to state 8
    D_RATIO  shift, and go to state 9
    '-'      shift, and go to state 10
    '('      shift, and go to state 11

    expr  go to state 68


State 32

   40 expr: expr '%' • expr

    NUMBER   shift, and go to state 4
    ID       shift, and go to state 5
    MIN      shift, and go to state 6
    MAX      shift, and go to state 7
    SMT_ON   shift, and go to state 8
    D_RATIO  shift, and go to state 9
    '-'      shift, and go to state 10
    '('      shift, and go to state 11

    expr  go to state 69


State 33

   11 other: NUMBER •

    $default  reduce using rule 11 (other)


State 34

    5 other: ID •

    $default  reduce using rule 5 (other)


State 35

    6 other: MIN •

    $default  reduce using rule 6 (other)


State 36

    7 other: MAX •

    $default  reduce using rule 7 (other)


State 37

    8 other: IF •

    $default  reduce using rule 8 (other)


State 38

    9 other: ELSE •

    $default  reduce using rule 9 (other)


State 39

   10 other: SMT_ON •

    $default  reduce using rule 10 (other)


State 40

   25 other: D_RATIO •

    $default  reduce using rule 25 (other)


State 41

   12 other: '|' •

    $default  reduce using rule 12 (other)


State 42

   13 other: '^' •

    $default  reduce using rule 13 (other)


State 43

   14 other: '&' •

    $default  reduce using rule 14 (other)


State 44

   23 other: '<' •

    $default  reduce using rule 23 (other)


State 45

   24 other: '>' •

    $default  reduce using rule 24 (other)


State 46

   15 other: '-' •

    $default  reduce using rule 15 (other)


State 47

   16 other: '+' •

    $default  reduce using rule 16 (other)


State 48

   17 other: '*' •

    $default  reduce using rule 17 (other)


State 49

   18 other: '/' •

    $default  reduce using rule 18 (other)


State 50

   19 other: '%' •

    $default  reduce using rule 19 (other)


State 51

   20 other: '(' •

    $default  reduce using rule 20 (other)


State 52

   21 other: ')' •

    $default  reduce using rule 21 (other)


State 53

   22 other: ',' •

    $default  reduce using rule 22 (other)


State 54

    3 all_other: all_other other •

    $default  reduce using rule 3 (all_other)


State 55

   31 expr: expr • '|' expr
   32     | expr • '&' expr
   33     | expr • '^' expr
   34     | expr • '<' expr
   35     | expr • '>' expr
   36     | expr • '+' expr
   37     | expr • '-' expr
   38     | expr • '*' expr
   39     | expr • '/' expr
   40     | expr • '%' expr
   43     | MIN '(' expr • ',' expr ')'

    '|'  shift, and go to state 23
    '^'  shift, and go to state 24
    '&'  shift, and go to state 25
    '<'  shift, and go to state 26
    '>'  shift, and go to state 27
    '-'  shift, and go to state 28
    '+'  shift, and go to state 29
    '*'  shift, and go to state 30
    '/'  shift, and go to state 31
    '%'  shift, and go to state 32
    ','  shift, and go to state 70


State 56

   31 expr: expr • '|' expr
   32     | expr • '&' expr
   33     | expr • '^' expr
   34     | expr • '<' expr
   35     | expr • '>' expr
   36     | expr • '+' expr
   37     | expr • '-' expr
   38     | expr • '*' expr
   39     | expr • '/' expr
   40     | expr • '%' expr
   44     | MAX '(' expr • ',' expr ')'

    '|'  shift, and go to state 23
    '^'  shift, and go to state 24
    '&'  shift, and go to state 25
    '<'  shift, and go to state 26
    '>'  shift, and go to state 27
    '-'  shift, and go to state 28
    '+'  shift, and go to state 29
    '*'  shift, and go to state 30
    '/'  shift, and go to state 31
    '%'  shift, and go to state 32
    ','  shift, and go to state 71


State 57

   31 expr: expr • '|' expr
   32     | expr • '&' expr
   33     | expr • '^' expr
   34     | expr • '<' expr
   35     | expr • '>' expr
   36     | expr • '+' expr
   37     | expr • '-' expr
   38     | expr • '*' expr
   39     | expr • '/' expr
   40     | expr • '%' expr
   46     | D_RATIO '(' expr • ',' expr ')'

    '|'  shift, and go to state 23
    '^'  shift, and go to state 24
    '&'  shift, and go to state 25
    '<'  shift, and go to state 26
    '>'  shift, and go to state 27
    '-'  shift, and go to state 28
    '+'  shift, and go to state 29
    '*'  shift, and go to state 30
    '/'  shift, and go to state 31
    '%'  shift, and go to state 32
    ','  shift, and go to state 72


State 58

   42 expr: '(' if_expr ')' •

    $default  reduce using rule 42 (expr)


State 59

   27 if_expr: expr IF expr • ELSE expr
   31 expr: expr • '|' expr
   32     | expr • '&' expr
   33     | expr • '^' expr
   34     | expr • '<' expr
   35     | expr • '>' expr
   36     | expr • '+' expr
   37     | expr • '-' expr
   38     | expr • '*' expr
   39     | expr • '/' expr
   40     | expr • '%' expr

    ELSE  shift, and go to state 73
    '|'   shift, and go to state 23
    '^'   shift, and go to state 24
    '&'   shift, and go to state 25
    '<'   shift, and go to state 26
    '>'   shift, and go to state 27
    '-'   shift, and go to state 28
    '+'   shift, and go to state 29
    '*'   shift, and go to state 30
    '/'   shift, and go to state 31
    '%'   shift, and go to state 32


State 60

   31 expr: expr • '|' expr
   31     | expr '|' expr •
   32     | expr • '&' expr
   33     | expr • '^' expr
   34     | expr • '<' expr
   35     | expr • '>' expr
   36     | expr • '+' expr
   37     | expr • '-' expr
   38     | expr • '*' expr
   39     | expr • '/' expr
   40     | expr • '%' expr

    '^'  shift, and go to state 24
    '&'  shift, and go to state 25
    '<'  shift, and go to state 26
    '>'  shift, and go to state 27
    '-'  shift, and go to state 28
    '+'  shift, and go to state 29
    '*'  shift, and go to state 30
    '/'  shift, and go to state 31
    '%'  shift, and go to state 32

    $default  reduce using rule 31 (expr)


State 61

   31 expr: expr • '|' expr
   32     | expr • '&' expr
   33     | expr • '^' expr
   33     | expr '^' expr •
   34     | expr • '<' expr
   35     | expr • '>' expr
   36     | expr • '+' expr
   37     | expr • '-' expr
   38     | expr • '*' expr
   39     | expr • '/' expr
   40     | expr • '%' expr

    '&'  shift, and go to state 25
    '<'  shift, and go to state 26
    '>'  shift, and go to state 27
    '-'  shift, and go to state 28
    '+'  shift, and go to state 29
    '*'  shift, and go to state 30
    '/'  shift, and go to state 31
    '%'  shift, and go to state 32

    $default  reduce using rule 33 (expr)


State 62

   31 expr: expr • '|' expr
   32     | expr • '&' expr
   32     | expr '&' expr •
   33     | expr • '^' expr
   34     | expr • '<' expr
   35     | expr • '>' expr
   36     | expr • '+' expr
   37     | expr • '-' expr
   38     | expr • '*' expr
   39     | expr • '/' expr
   40     | expr • '%' expr

    '<'  shift, and go to state 26
    '>'  shift, and go to state 27
    '-'  shift, and go to state 28
    '+'  shift, and go to state 29
    '*'  shift, and go to state 30
    '/'  shift, and go to state 31
    '%'  shift, and go to state 32

    $default  reduce using rule 32 (expr)


State 63

   31 expr: expr • '|' expr
   32     | expr • '&' expr
   33     | expr • '^' expr
   34     | expr • '<' expr
   34     | expr '<' expr •
   35     | expr • '>' expr
   36     | expr • '+' expr
   37     | expr • '-' expr
   38     | expr • '*' expr
   39     | expr • '/' expr
   40     | expr • '%' expr

    '-'  shift, and go to state 28
    '+'  shift, and go to state 29
    '*'  shift, and go to state 30
    '/'  shift, and go to state 31
    '%'  shift, and go to state 32

    $default  reduce using rule 34 (expr)


State 64

   31 expr: expr • '|' expr
   32     | expr • '&' expr
   33     | expr • '^' expr
   34     | expr • '<' expr
   35     | expr • '>' expr
   35     | expr '>' expr •
   36     | expr • '+' expr
   37     | expr • '-' expr
   38     | expr • '*' expr
   39     | expr • '/' expr
   40     | expr • '%' expr

    '-'  shift, and go to state 28
    '+'  shift, and go to state 29
    '*'  shift, and go to state 30
    '/'  shift, and go to state 31
    '%'  shift, and go to state 32

    $default  reduce using rule 35 (expr)


State 65

   31 expr: expr • '|' expr
   32     | expr • '&' expr
   33     | expr • '^' expr
   34     | expr • '<' expr
   35     | expr • '>' expr
   36     | expr • '+' expr
   37     | expr • '-' expr
   37     | expr '-' expr •
   38     | expr • '*' expr
   39     | expr • '/' expr
   40     | expr • '%' expr

    '*'  shift, and go to state 30
    '/'  shift, and go to state 31
    '%'  shift, and go to state 32

    $default  reduce using rule 37 (expr)


State 66

   31 expr: expr • '|' expr
   32     | expr • '&' expr
   33     | expr • '^' expr
   34     | expr • '<' expr
   35     | expr • '>' expr
   36     | expr • '+' expr
   36     | expr '+' expr •
   37     | expr • '-' expr
   38     | expr • '*' expr
   39     | expr • '/' expr
   40     | expr • '%' expr

    '*'  shift, and go to state 30
    '/'  shift, and go to state 31
    '%'  shift, and go to state 32

    $default  reduce using rule 36 (expr)


State 67

   31 expr: expr • '|' expr
   32     | expr • '&' expr
   33     | expr • '^' expr
   34     | expr • '<' expr
   35     | expr • '>' expr
   36     | expr • '+' expr
   37     | expr • '-' expr
   38     | expr • '*' expr
   38     | expr '*' expr •
   39     | expr • '/' expr
   40     | expr • '%' expr

    $default  reduce using rule 38 (expr)


State 68

   31 expr: expr • '|' expr
   32     | expr • '&' expr
   33     | expr • '^' expr
   34     | expr • '<' expr
   35     | expr • '>' expr
   36     | expr • '+' expr
   37     | expr • '-' expr
   38     | expr • '*' expr
   39     | expr • '/' expr
   39     | expr '/' expr •
   40     | expr • '%' expr

    $default  reduce using rule 39 (expr)


State 69

   31 expr: expr • '|' expr
   32     | expr • '&' expr
   33     | expr • '^' expr
   34     | expr • '<' expr
   35     | expr • '>' expr
   36     | expr • '+' expr
   37     | expr • '-' expr
   38     | expr • '*' expr
   39     | expr • '/' expr
   40     | expr • '%' expr
   40     | expr '%' expr •

    $default  reduce using rule 40 (expr)


State 70

   43 expr: MIN '(' expr ',' • expr ')'

    NUMBER   shift, and go to state 4
    ID       shift, and go to state 5
    MIN      shift, and go to state 6
    MAX      shift, and go to state 7
    SMT_ON   shift, and go to state 8
    D_RATIO  shift, and go to state 9
    '-'      shift, and go to state 10
    '('      shift, and go to state 11

    expr  go to state 74


State 71

   44 expr: MAX '(' expr ',' • expr ')'

    NUMBER   shift, and go to state 4
    ID       shift, and go to state 5
    MIN      shift, and go to state 6
    MAX      shift, and go to state 7
    SMT_ON   shift, and go to state 8
    D_RATIO  shift, and go to state 9
    '-'      shift, and go to state 10
    '('      shift, and go to state 11

    expr  go to state 75


State 72

   46 expr: D_RATIO '(' expr ',' • expr ')'

    NUMBER   shift, and go to state 4
    ID       shift, and go to state 5
    MIN      shift, and go to state 6
    MAX      shift, and go to state 7
    SMT_ON   shift, and go to state 8
    D_RATIO  shift, and go to state 9
    '-'      shift, and go to state 10
    '('      shift, and go to state 11

    expr  go to state 76


State 73

   27 if_expr: expr IF expr ELSE • expr

    NUMBER   shift, and go to state 4
    ID       shift, and go to state 5
    MIN      shift, and go to state 6
    MAX      shift, and go to state 7
    SMT_ON   shift, and go to state 8
    D_RATIO  shift, and go to state 9
    '-'      shift, and go to state 10
    '('      shift, and go to state 11

    expr  go to state 77


State 74

   31 expr: expr • '|' expr
   32     | expr • '&' expr
   33     | expr • '^' expr
   34     | expr • '<' expr
   35     | expr • '>' expr
   36     | expr • '+' expr
   37     | expr • '-' expr
   38     | expr • '*' expr
   39     | expr • '/' expr
   40     | expr • '%' expr
   43     | MIN '(' expr ',' expr • ')'

    '|'  shift, and go to state 23
    '^'  shift, and go to state 24
    '&'  shift, and go to state 25
    '<'  shift, and go to state 26
    '>'  shift, and go to state 27
    '-'  shift, and go to state 28
    '+'  shift, and go to state 29
    '*'  shift, and go to state 30
    '/'  shift, and go to state 31
    '%'  shift, and go to state 32
    ')'  shift, and go to state 78


State 75

   31 expr: expr • '|' expr
   32     | expr • '&' expr
   33     | expr • '^' expr
   34     | expr • '<' expr
   35     | expr • '>' expr
   36     | expr • '+' expr
   37     | expr • '-' expr
   38     | expr • '*' expr
   39     | expr • '/' expr
   40     | expr • '%' expr
   44     | MAX '(' expr ',' expr • ')'

    '|'  shift, and go to state 23
    '^'  shift, and go to state 24
    '&'  shift, and go to state 25
    '<'  shift, and go to state 26
    '>'  shift, and go to state 27
    '-'  shift, and go to state 28
    '+'  shift, and go to state 29
    '*'  shift, and go to state 30
    '/'  shift, and go to state 31
    '%'  shift, and go to state 32
    ')'  shift, and go to state 79


State 76

   31 expr: expr • '|' expr
   32     | expr • '&' expr
   33     | expr • '^' expr
   34     | expr • '<' expr
   35     | expr • '>' expr
   36     | expr • '+' expr
   37     | expr • '-' expr
   38     | expr • '*' expr
   39     | expr • '/' expr
   40     | expr • '%' expr
   46     | D_RATIO '(' expr ',' expr • ')'

    '|'  shift, and go to state 23
    '^'  shift, and go to state 24
    '&'  shift, and go to state 25
    '<'  shift, and go to state 26
    '>'  shift, and go to state 27
    '-'  shift, and go to state 28
    '+'  shift, and go to state 29
    '*'  shift, and go to state 30
    '/'  shift, and go to state 31
    '%'  shift, and go to state 32
    ')'  shift, and go to state 80


State 77

   27 if_expr: expr IF expr ELSE expr •
   31 expr: expr • '|' expr
   32     | expr • '&' expr
   33     | expr • '^' expr
   34     | expr • '<' expr
   35     | expr • '>' expr
   36     | expr • '+' expr
   37     | expr • '-' expr
   38     | expr • '*' expr
   39     | expr • '/' expr
   40     | expr • '%' expr

    '|'  shift, and go to state 23
    '^'  shift, and go to state 24
    '&'  shift, and go to state 25
    '<'  shift, and go to state 26
    '>'  shift, and go to state 27
    '-'  shift, and go to state 28
    '+'  shift, and go to state 29
    '*'  shift, and go to state 30
    '/'  shift, and go to state 31
    '%'  shift, and go to state 32

    $default  reduce using rule 27 (if_expr)


State 78

   43 expr: MIN '(' expr ',' expr ')' •

    $default  reduce using rule 43 (expr)


State 79

   44 expr: MAX '(' expr ',' expr ')' •

    $default  reduce using rule 44 (expr)


State 80

   46 expr: D_RATIO '(' expr ',' expr ')' •

    $default  reduce using rule 46 (expr)
